[debug] [2018-08-16T21:55:08.715Z] ----------------------------------------------------------------------
[debug] [2018-08-16T21:55:08.721Z] Command:       C:\Program Files\nodejs\node.exe C:\Users\wtorres\AppData\Roaming\npm\node_modules\firebase-tools\bin\firebase deploy
[debug] [2018-08-16T21:55:08.721Z] CLI Version:   4.1.1
[debug] [2018-08-16T21:55:08.721Z] Platform:      win32
[debug] [2018-08-16T21:55:08.721Z] Node Version:  v8.11.2
[debug] [2018-08-16T21:55:08.722Z] Time:          Thu Aug 16 2018 15:55:08 GMT-0600 (Hora estándar, América Central)
[debug] [2018-08-16T21:55:08.722Z] ----------------------------------------------------------------------
[debug] 
[debug] [2018-08-16T21:55:08.735Z] > command requires scopes: ["email","openid","https://www.googleapis.com/auth/cloudplatformprojects.readonly","https://www.googleapis.com/auth/firebase","https://www.googleapis.com/auth/cloud-platform"]
[debug] [2018-08-16T21:55:08.735Z] > authorizing via signed-in user
[debug] [2018-08-16T21:55:08.736Z] > refreshing access token with scopes: ["email","https://www.googleapis.com/auth/cloud-platform","https://www.googleapis.com/auth/cloudplatformprojects.readonly","https://www.googleapis.com/auth/firebase","openid"]
[debug] [2018-08-16T21:55:08.737Z] >>> HTTP REQUEST POST https://www.googleapis.com/oauth2/v3/token  

[debug] [2018-08-16T21:55:08.986Z] <<< HTTP RESPONSE 200
[debug] [2018-08-16T21:55:09.016Z] >>> HTTP REQUEST GET https://admin.firebase.com/v1/projects/landingsuculentasgrunegt  
 
[debug] [2018-08-16T21:55:09.578Z] <<< HTTP RESPONSE 200
[debug] [2018-08-16T21:55:09.578Z] >>> HTTP REQUEST GET https://admin.firebase.com/v1/database/landingsuculentasgrunegt/tokens  
 
[debug] [2018-08-16T21:55:10.395Z] <<< HTTP RESPONSE 200
[debug] [2018-08-16T21:56:12.076Z] ----------------------------------------------------------------------
[debug] [2018-08-16T21:56:12.078Z] Command:       C:\Program Files\nodejs\node.exe C:\Users\wtorres\AppData\Roaming\npm\node_modules\firebase-tools\bin\firebase deploy --only hosting
[debug] [2018-08-16T21:56:12.078Z] CLI Version:   4.1.1
[debug] [2018-08-16T21:56:12.078Z] Platform:      win32
[debug] [2018-08-16T21:56:12.078Z] Node Version:  v8.11.2
[debug] [2018-08-16T21:56:12.078Z] Time:          Thu Aug 16 2018 15:56:12 GMT-0600 (Hora estándar, América Central)
[debug] [2018-08-16T21:56:12.078Z] ----------------------------------------------------------------------
[debug] 
[debug] [2018-08-16T21:56:12.090Z] > command requires scopes: ["email","openid","https://www.googleapis.com/auth/cloudplatformprojects.readonly","https://www.googleapis.com/auth/firebase","https://www.googleapis.com/auth/cloud-platform"]
[debug] [2018-08-16T21:56:12.090Z] > authorizing via signed-in user
[debug] [2018-08-16T21:56:12.092Z] >>> HTTP REQUEST GET https://admin.firebase.com/v1/projects/landingsuculentasgrunegt  
 
[debug] [2018-08-16T21:56:12.622Z] <<< HTTP RESPONSE 200
[debug] [2018-08-16T21:56:12.624Z] >>> HTTP REQUEST GET https://admin.firebase.com/v1/database/landingsuculentasgrunegt/tokens  
 
[debug] [2018-08-16T21:56:13.119Z] <<< HTTP RESPONSE 200
[debug] [2018-08-16T22:23:24.793Z] ----------------------------------------------------------------------
[debug] [2018-08-16T22:23:24.795Z] Command:       C:\Program Files\nodejs\node.exe C:\Users\wtorres\AppData\Roaming\npm\node_modules\firebase-tools\bin\firebase deploy
[debug] [2018-08-16T22:23:24.795Z] CLI Version:   4.1.1
[debug] [2018-08-16T22:23:24.796Z] Platform:      win32
[debug] [2018-08-16T22:23:24.796Z] Node Version:  v8.11.2
[debug] [2018-08-16T22:23:24.796Z] Time:          Thu Aug 16 2018 16:23:24 GMT-0600 (Hora estándar, América Central)
[debug] [2018-08-16T22:23:24.797Z] ----------------------------------------------------------------------
[debug] 
[debug] [2018-08-16T22:23:24.808Z] > command requires scopes: ["email","openid","https://www.googleapis.com/auth/cloudplatformprojects.readonly","https://www.googleapis.com/auth/firebase","https://www.googleapis.com/auth/cloud-platform"]
[debug] [2018-08-16T22:23:24.808Z] > authorizing via signed-in user
[debug] [2018-08-16T22:23:24.810Z] >>> HTTP REQUEST GET https://admin.firebase.com/v1/projects/landingsuculentasgrunegt  
 
[debug] [2018-08-16T22:23:25.340Z] <<< HTTP RESPONSE 200
[debug] [2018-08-16T22:23:25.341Z] >>> HTTP REQUEST GET https://admin.firebase.com/v1/database/landingsuculentasgrunegt/tokens  
 
[debug] [2018-08-16T22:23:25.902Z] <<< HTTP RESPONSE 200
